      INFO   Will watch for changes in these directories:                      
             ['C:\\Users\\AC\\Desktop\\final                                   
             project\\order-fulfillment-coordinator\\apps\\api']
      INFO   Uvicorn running on http://127.0.0.1:8000 (Press CTRL+C to quit)
      INFO   Started reloader process [13064] using WatchFiles
      INFO   Started server process [5408]
      INFO   Waiting for application startup.
      INFO   Application startup complete.
     ERROR   Exception in ASGI application
Traceback (most recent call last):
  File "C:\Users\AC\Desktop\final project\order-fulfillment-coordinator\apps\api\.venv\Lib\site-packages\uvicorn\protocols\http\httptools_impl.py", line 421, in run_asgi
    result = await app(  # type: ignore[func-returns-value]
             ^^^^^^^^^^^^^^^^^^^^^^^^^^^^^^^^^^^^^^^^^^^^^^
  File "C:\Users\AC\Desktop\final project\order-fulfillment-coordinator\apps\api\.venv\Lib\site-packages\uvicorn\middleware\proxy_headers.py", line 62, in __call__
    return await self.app(scope, receive, send)
           ^^^^^^^^^^^^^^^^^^^^^^^^^^^^^^^^^^^^
  File "C:\Users\AC\Desktop\final project\order-fulfillment-coordinator\apps\api\.venv\Lib\site-packages\fastapi\applications.py", line 1159, in __call__
    await super().__call__(scope, receive, send)
  File "C:\Users\AC\Desktop\final project\order-fulfillment-coordinator\apps\api\.venv\Lib\site-packages\starlette\applications.py", line 90, in __call__
    await self.middleware_stack(scope, receive, send)
  File "C:\Users\AC\Desktop\final project\order-fulfillment-coordinator\apps\api\.venv\Lib\site-packages\starlette\middleware\errors.py", line 186, in __call__
    raise exc
  File "C:\Users\AC\Desktop\final project\order-fulfillment-coordinator\apps\api\.venv\Lib\site-packages\starlette\middleware\errors.py", line 164, in __call__
    await self.app(scope, receive, _send)
  File "C:\Users\AC\Desktop\final project\order-fulfillment-coordinator\apps\api\.venv\Lib\site-packages\starlette\middleware\cors.py", line 88, in __call__
    await self.app(scope, receive, send)
  File "C:\Users\AC\Desktop\final project\order-fulfillment-coordinator\apps\api\.venv\Lib\site-packages\starlette\middleware\exceptions.py", line 63, in __call__
    await wrap_app_handling_exceptions(self.app, conn)(scope, receive, send)
  File "C:\Users\AC\Desktop\final project\order-fulfillment-coordinator\apps\api\.venv\Lib\site-packages\starlette\_exception_handler.py", line 53, in wrapped_app
    raise exc
  File "C:\Users\AC\Desktop\final project\order-fulfillment-coordinator\apps\api\.venv\Lib\site-packages\starlette\_exception_handler.py", line 42, in wrapped_app
    await app(scope, receive, sender)
  File "C:\Users\AC\Desktop\final project\order-fulfillment-coordinator\apps\api\.venv\Lib\site-packages\fastapi\middleware\asyncexitstack.py", line 18, in __call__
    await self.app(scope, receive, send)
  File "C:\Users\AC\Desktop\final project\order-fulfillment-coordinator\apps\api\.venv\Lib\site-packages\starlette\routing.py", line 660, in __call__
    await self.middleware_stack(scope, receive, send)
  File "C:\Users\AC\Desktop\final project\order-fulfillment-coordinator\apps\api\.venv\Lib\site-packages\starlette\routing.py", line 680, in app
    await route.handle(scope, receive, send)
  File "C:\Users\AC\Desktop\final project\order-fulfillment-coordinator\apps\api\.venv\Lib\site-packages\starlette\routing.py", line 276, in handle
    await self.app(scope, receive, send)
  File "C:\Users\AC\Desktop\final project\order-fulfillment-coordinator\apps\api\.venv\Lib\site-packages\fastapi\routing.py", line 134, in app
    await wrap_app_handling_exceptions(app, request)(scope, receive, send)
  File "C:\Users\AC\Desktop\final project\order-fulfillment-coordinator\apps\api\.venv\Lib\site-packages\starlette\_exception_handler.py", line 53, in wrapped_app
    raise exc
  File "C:\Users\AC\Desktop\final project\order-fulfillment-coordinator\apps\api\.venv\Lib\site-packages\starlette\_exception_handler.py", line 42, in wrapped_app
    await app(scope, receive, sender)
  File "C:\Users\AC\Desktop\final project\order-fulfillment-coordinator\apps\api\.venv\Lib\site-packages\fastapi\routing.py", line 120, in app
    response = await f(request)
               ^^^^^^^^^^^^^^^^
  File "C:\Users\AC\Desktop\final project\order-fulfillment-coordinator\apps\api\.venv\Lib\site-packages\fastapi\routing.py", line 674, in app
    raw_response = await run_endpoint_function(
                   ^^^^^^^^^^^^^^^^^^^^^^^^^^^^
  File "C:\Users\AC\Desktop\final project\order-fulfillment-coordinator\apps\api\.venv\Lib\site-packages\fastapi\routing.py", line 328, in run_endpoint_function
    return await dependant.call(**values)
           ^^^^^^^^^^^^^^^^^^^^^^^^^^^^^^
  File "C:\Users\AC\Desktop\final project\order-fulfillment-coordinator\apps\api\src\fulfillment\api\chat.py", line 294, in chat
    result = await service.route_order(o.id)
             ^^^^^^^^^^^^^^^^^^^^^^^^^^^^^^^
  File "C:\Users\AC\Desktop\final project\order-fulfillment-coordinator\apps\api\src\fulfillment\services\order_service.py", line 164, in route_order
    await self.db.flush()
  File "C:\Users\AC\Desktop\final project\order-fulfillment-coordinator\apps\api\.venv\Lib\site-packages\sqlalchemy\ext\asyncio\session.py", line 786, in flush
    await greenlet_spawn(self.sync_session.flush, objects=objects)
  File "C:\Users\AC\Desktop\final project\order-fulfillment-coordinator\apps\api\.venv\Lib\site-packages\sqlalchemy\util\_concurrency_py3k.py", line 203, in greenlet_spawn
    result = context.switch(value)
             ^^^^^^^^^^^^^^^^^^^^^
  File "C:\Users\AC\Desktop\final project\order-fulfillment-coordinator\apps\api\.venv\Lib\site-packages\sqlalchemy\orm\session.py", line 4352, in flush
    self._flush(objects)
  File "C:\Users\AC\Desktop\final project\order-fulfillment-coordinator\apps\api\.venv\Lib\site-packages\sqlalchemy\orm\session.py", line 4487, in _flush
    with util.safe_reraise():
         ^^^^^^^^^^^^^^^^^^^
  File "C:\Users\AC\Desktop\final project\order-fulfillment-coordinator\apps\api\.venv\Lib\site-packages\sqlalchemy\util\langhelpers.py", line 122, in __exit__
    raise exc_value.with_traceback(exc_tb)
  File "C:\Users\AC\Desktop\final project\order-fulfillment-coordinator\apps\api\.venv\Lib\site-packages\sqlalchemy\orm\session.py", line 4448, in _flush
    flush_context.execute()
  File "C:\Users\AC\Desktop\final project\order-fulfillment-coordinator\apps\api\.venv\Lib\site-packages\sqlalchemy\orm\unitofwork.py", line 465, in execute
    rec.execute(self)
  File "C:\Users\AC\Desktop\final project\order-fulfillment-coordinator\apps\api\.venv\Lib\site-packages\sqlalchemy\orm\unitofwork.py", line 641, in execute
    util.preloaded.orm_persistence.save_obj(
  File "C:\Users\AC\Desktop\final project\order-fulfillment-coordinator\apps\api\.venv\Lib\site-packages\sqlalchemy\orm\persistence.py", line 86, in save_obj
    _emit_update_statements(
  File "C:\Users\AC\Desktop\final project\order-fulfillment-coordinator\apps\api\.venv\Lib\site-packages\sqlalchemy\orm\persistence.py", line 949, in _emit_update_statements
    raise orm_exc.StaleDataError(
sqlalchemy.orm.exc.StaleDataError: UPDATE statement on table 'fulfillment_centers' expected to update 1 row(s); 0 were matched.
Delay check failed for shipment c2d74cb9-537d-49f8-ac42-e22f4ae03abe: can't compare offset-naive and offset-aware datetimes
Delay check failed for shipment 37050597-4b6b-4fb8-bb52-1584f315e109: can't compare offset-naive and offset-aware datetimes
Delay check failed for shipment c48bb3ea-51d1-4d1c-be6f-cbb82f989b70: can't compare offset-naive and offset-aware datetimes
Delay check failed for shipment f7505879-6c0c-47b9-9c4c-df363c251527: can't compare offset-naive and offset-aware datetimes
Delay check failed for shipment c2d74cb9-537d-49f8-ac42-e22f4ae03abe: can't compare offset-naive and offset-aware datetimes
Delay check failed for shipment 37050597-4b6b-4fb8-bb52-1584f315e109: can't compare offset-naive and offset-aware datetimes
Delay check failed for shipment c48bb3ea-51d1-4d1c-be6f-cbb82f989b70: can't compare offset-naive and offset-aware datetimes
Delay check failed for shipment f7505879-6c0c-47b9-9c4c-df363c251527: can't compare offset-naive and offset-aware datetimes
Delay check failed for shipment c2d74cb9-537d-49f8-ac42-e22f4ae03abe: can't compare offset-naive and offset-aware datetimes
Delay check failed for shipment 37050597-4b6b-4fb8-bb52-1584f315e109: can't compare offset-naive and offset-aware datetimes
Delay check failed for shipment c48bb3ea-51d1-4d1c-be6f-cbb82f989b70: can't compare offset-naive and offset-aware datetimes
Delay check failed for shipment f7505879-6c0c-47b9-9c4c-df363c251527: can't compare offset-naive and offset-aware datetimes
Delay check failed for shipment c2d74cb9-537d-49f8-ac42-e22f4ae03abe: can't compare offset-naive and offset-aware datetimes
Delay check failed for shipment 37050597-4b6b-4fb8-bb52-1584f315e109: can't compare offset-naive and offset-aware datetimes
Delay check failed for shipment c48bb3ea-51d1-4d1c-be6f-cbb82f989b70: can't compare offset-naive and offset-aware datetimes
Delay check failed for shipment f7505879-6c0c-47b9-9c4c-df363c251527: can't compare offset-naive and offset-aware datetimes
Delay check failed for shipment c2d74cb9-537d-49f8-ac42-e22f4ae03abe: can't compare offset-naive and offset-aware datetimes
Delay check failed for shipment 37050597-4b6b-4fb8-bb52-1584f315e109: can't compare offset-naive and offset-aware datetimes
Delay check failed for shipment c48bb3ea-51d1-4d1c-be6f-cbb82f989b70: can't compare offset-naive and offset-aware datetimes
Delay check failed for shipment f7505879-6c0c-47b9-9c4c-df363c251527: can't compare offset-naive and offset-aware datetimes
Delay check failed for shipment c2d74cb9-537d-49f8-ac42-e22f4ae03abe: can't compare offset-naive and offset-aware datetimes
Delay check failed for shipment 37050597-4b6b-4fb8-bb52-1584f315e109: can't compare offset-naive and offset-aware datetimes
Delay check failed for shipment c48bb3ea-51d1-4d1c-be6f-cbb82f989b70: can't compare offset-naive and offset-aware datetimes
Delay check failed for shipment f7505879-6c0c-47b9-9c4c-df363c251527: can't compare offset-naive and offset-aware datetimes
Delay check failed for shipment c2d74cb9-537d-49f8-ac42-e22f4ae03abe: can't compare offset-naive and offset-aware datetimes
Delay check failed for shipment 37050597-4b6b-4fb8-bb52-1584f315e109: can't compare offset-naive and offset-aware datetimes
Delay check failed for shipment c48bb3ea-51d1-4d1c-be6f-cbb82f989b70: can't compare offset-naive and offset-aware datetimes
Delay check failed for shipment f7505879-6c0c-47b9-9c4c-df363c251527: can't compare offset-naive and offset-aware datetimes
Delay check failed for shipment c2d74cb9-537d-49f8-ac42-e22f4ae03abe: can't compare offset-naive and offset-aware datetimes
Delay check failed for shipment 37050597-4b6b-4fb8-bb52-1584f315e109: can't compare offset-naive and offset-aware datetimes
Delay check failed for shipment c48bb3ea-51d1-4d1c-be6f-cbb82f989b70: can't compare offset-naive and offset-aware datetimes
Delay check failed for shipment f7505879-6c0c-47b9-9c4c-df363c251527: can't compare offset-naive and offset-aware datetimes
Delay check failed for shipment c2d74cb9-537d-49f8-ac42-e22f4ae03abe: can't compare offset-naive and offset-aware datetimes
Delay check failed for shipment 37050597-4b6b-4fb8-bb52-1584f315e109: can't compare offset-naive and offset-aware datetimes
Delay check failed for shipment c48bb3ea-51d1-4d1c-be6f-cbb82f989b70: can't compare offset-naive and offset-aware datetimes
Delay check failed for shipment f7505879-6c0c-47b9-9c4c-df363c251527: can't compare offset-naive and offset-aware datetimes
Delay check failed for shipment c2d74cb9-537d-49f8-ac42-e22f4ae03abe: can't compare offset-naive and offset-aware datetimes
Delay check failed for shipment 37050597-4b6b-4fb8-bb52-1584f315e109: can't compare offset-naive and offset-aware datetimes
Delay check failed for shipment c48bb3ea-51d1-4d1c-be6f-cbb82f989b70: can't compare offset-naive and offset-aware datetimes
Delay check failed for shipment f7505879-6c0c-47b9-9c4c-df363c251527: can't compare offset-naive and offset-aware datetimes
Delay check failed for shipment c2d74cb9-537d-49f8-ac42-e22f4ae03abe: can't compare offset-naive and offset-aware datetimes
Delay check failed for shipment 37050597-4b6b-4fb8-bb52-1584f315e109: can't compare offset-naive and offset-aware datetimes
Delay check failed for shipment c48bb3ea-51d1-4d1c-be6f-cbb82f989b70: can't compare offset-naive and offset-aware datetimes
Delay check failed for shipment f7505879-6c0c-47b9-9c4c-df363c251527: can't compare offset-naive and offset-aware datetimes
Delay check failed for shipment c2d74cb9-537d-49f8-ac42-e22f4ae03abe: can't compare offset-naive and offset-aware datetimes
Delay check failed for shipment 37050597-4b6b-4fb8-bb52-1584f315e109: can't compare offset-naive and offset-aware datetimes
Delay check failed for shipment c48bb3ea-51d1-4d1c-be6f-cbb82f989b70: can't compare offset-naive and offset-aware datetimes
Delay check failed for shipment f7505879-6c0c-47b9-9c4c-df363c251527: can't compare offset-naive and offset-aware datetimes
