2026-06-18 22:15:21,254 INFO sqlalchemy.engine.Engine BEGIN (implicit)
2026-06-18 22:15:21,265 INFO sqlalchemy.engine.Engine PRAGMA main.table_info("orders")
2026-06-18 22:15:21,266 INFO sqlalchemy.engine.Engine [raw sql] ()
2026-06-18 22:15:21,275 INFO sqlalchemy.engine.Engine PRAGMA main.table_info("shipments")
2026-06-18 22:15:21,276 INFO sqlalchemy.engine.Engine [raw sql] ()
2026-06-18 22:15:21,278 INFO sqlalchemy.engine.Engine PRAGMA main.table_info("fulfillment_centers")
2026-06-18 22:15:21,279 INFO sqlalchemy.engine.Engine [raw sql] ()
2026-06-18 22:15:21,282 INFO sqlalchemy.engine.Engine PRAGMA main.table_info("carrier_rates")
2026-06-18 22:15:21,283 INFO sqlalchemy.engine.Engine [raw sql] ()
2026-06-18 22:15:21,286 INFO sqlalchemy.engine.Engine PRAGMA main.table_info("agent_events")
2026-06-18 22:15:21,286 INFO sqlalchemy.engine.Engine [raw sql] ()
2026-06-18 22:15:21,289 INFO sqlalchemy.engine.Engine PRAGMA main.table_info("notifications")
2026-06-18 22:15:21,289 INFO sqlalchemy.engine.Engine [raw sql] ()
2026-06-18 22:15:21,293 INFO sqlalchemy.engine.Engine COMMIT
[Qdrant] Collection created: shipment_events
[Qdrant] Collection created: product_catalog
[Qdrant] Collection created: customer_order_history
[Qdrant] Collection created: agent_decisions
2026-06-18 22:16:05,349 INFO sqlalchemy.engine.Engine BEGIN (implicit)
2026-06-18 22:16:05,379 INFO sqlalchemy.engine.Engine SELECT shipments.id, shipments.order_id, shipments.carrier_name, shipments.tracking_number, shipments.status, shipments.estimated_delivery, shipments.actual_delivery, shipments.origin_zip, shipments.destination_zip, shipments.weight_kg, shipments.shipping_cost, shipments.carrier_status_detail, shipments.is_delayed, shipments.delay_reason, shipments.last_polled_at, shipments.created_at, shipments.updated_at 
FROM shipments 
WHERE (shipments.status NOT IN (?, ?)) ORDER BY shipments.updated_at ASC
 LIMIT ? OFFSET ?
2026-06-18 22:16:05,382 INFO sqlalchemy.engine.Engine [generated in 0.00186s] ('delivered', 'returned', 200, 0)
2026-06-18 22:16:05,391 INFO sqlalchemy.engine.Engine UPDATE shipments SET delay_reason=?, last_polled_at=?, updated_at=CURRENT_TIMESTAMP WHERE shipments.id = ?
2026-06-18 22:16:05,391 INFO sqlalchemy.engine.Engine [generated in 0.00085s] ('Past estimated delivery by 15.2 hours', '2026-06-18 17:16:05.387645', 'd7ac5317fce245709adc54957363aec9')
2026-06-18 22:16:05,404 INFO sqlalchemy.engine.Engine SELECT carrier_rates.id, carrier_rates.carrier_name, carrier_rates.service_name, carrier_rates.origin_zip, carrier_rates.destination_zip, carrier_rates.weight_kg_min, carrier_rates.weight_kg_max, carrier_rates.base_rate, carrier_rates.rate_per_kg, carrier_rates.estimated_days_min, carrier_rates.estimated_days_max, carrier_rates.is_active, carrier_rates.created_at, carrier_rates.updated_at 
FROM carrier_rates 
WHERE carrier_rates.is_active = 1 AND carrier_rates.origin_zip = ? AND carrier_rates.destination_zip = ? AND carrier_rates.weight_kg_min <= ? AND carrier_rates.weight_kg_max >= ? AND carrier_rates.carrier_name != ? ORDER BY carrier_rates.base_rate ASC
2026-06-18 22:16:05,404 INFO sqlalchemy.engine.Engine [generated in 0.00064s] ('10001', '90210', 2.5, 2.5, 'FedEx')
2026-06-18 22:16:05,417 INFO sqlalchemy.engine.Engine INSERT INTO agent_events (id, agent_name, event_type, entity_id, summary, details_json, risk_score) VALUES (?, ?, ?, ?, ?, ?, ?) RETURNING created_at
2026-06-18 22:16:05,417 INFO sqlalchemy.engine.Engine [generated in 0.00060s] ('8d308e33632e4bb2a33f7f9f63fa3119', 'MonitorAgent', 'delay_detected', 'd7ac5317-fce2-4570-9adc-54957363aec9', 'MonitorAgent - delay_detected', '{"is_delayed": true, "reason": "Past estimated delivery by 15.2 hours", "risk_score": 0.6340464063425926, "checked_at": "2026-06-18T17:16:05.387645+00:00"}', 0.6340464063425926)
2026-06-18 22:16:05,420 INFO sqlalchemy.engine.Engine UPDATE shipments SET delay_reason=?, last_polled_at=?, updated_at=CURRENT_TIMESTAMP WHERE shipments.id = ?
2026-06-18 22:16:05,421 INFO sqlalchemy.engine.Engine [cached since 0.03048s ago] ('Past estimated delivery by 11.2 hours', '2026-06-18 17:16:05.413644', '38a29fbe32514cdf81458a9e9163569f')
2026-06-18 22:16:05,423 INFO sqlalchemy.engine.Engine SELECT carrier_rates.id, carrier_rates.carrier_name, carrier_rates.service_name, carrier_rates.origin_zip, carrier_rates.destination_zip, carrier_rates.weight_kg_min, carrier_rates.weight_kg_max, carrier_rates.base_rate, carrier_rates.rate_per_kg, carrier_rates.estimated_days_min, carrier_rates.estimated_days_max, carrier_rates.is_active, carrier_rates.created_at, carrier_rates.updated_at 
FROM carrier_rates 
WHERE carrier_rates.is_active = 1 AND carrier_rates.origin_zip = ? AND carrier_rates.destination_zip = ? AND carrier_rates.weight_kg_min <= ? AND carrier_rates.weight_kg_max >= ? AND carrier_rates.carrier_name != ? ORDER BY carrier_rates.base_rate ASC
2026-06-18 22:16:05,423 INFO sqlalchemy.engine.Engine [cached since 0.01991s ago] ('10001', '90210', 3.0, 3.0, 'UPS')
2026-06-18 22:16:05,429 INFO sqlalchemy.engine.Engine INSERT INTO agent_events (id, agent_name, event_type, entity_id, summary, details_json, risk_score) VALUES (?, ?, ?, ?, ?, ?, ?) RETURNING created_at
2026-06-18 22:16:05,429 INFO sqlalchemy.engine.Engine [cached since 0.01281s ago] ('9fc3d63b8e2b46f4be56fc3fbd7040a7', 'MonitorAgent', 'delay_detected', '38a29fbe-3251-4cdf-8145-8a9e9163569f', 'MonitorAgent - delay_detected', '{"is_delayed": true, "reason": "Past estimated delivery by 11.2 hours", "risk_score": 0.46738004059027777, "checked_at": "2026-06-18T17:16:05.413644+00:00"}', 0.46738004059027777)
2026-06-18 22:16:05,431 INFO sqlalchemy.engine.Engine UPDATE shipments SET delay_reason=?, last_polled_at=?, updated_at=CURRENT_TIMESTAMP WHERE shipments.id = ?
2026-06-18 22:16:05,432 INFO sqlalchemy.engine.Engine [cached since 0.04127s ago] ('Past estimated delivery by 33.2 hours', '2026-06-18 17:16:05.427648', '1436a42728e34fb8bbda0e62df04bcec')
2026-06-18 22:16:05,433 INFO sqlalchemy.engine.Engine SELECT carrier_rates.id, carrier_rates.carrier_name, carrier_rates.service_name, carrier_rates.origin_zip, carrier_rates.destination_zip, carrier_rates.weight_kg_min, carrier_rates.weight_kg_max, carrier_rates.base_rate, carrier_rates.rate_per_kg, carrier_rates.estimated_days_min, carrier_rates.estimated_days_max, carrier_rates.is_active, carrier_rates.created_at, carrier_rates.updated_at 
FROM carrier_rates 
WHERE carrier_rates.is_active = 1 AND carrier_rates.origin_zip = ? AND carrier_rates.destination_zip = ? AND carrier_rates.weight_kg_min <= ? AND carrier_rates.weight_kg_max >= ? AND carrier_rates.carrier_name != ? ORDER BY carrier_rates.base_rate ASC
2026-06-18 22:16:05,434 INFO sqlalchemy.engine.Engine [cached since 0.03006s ago] ('10001', '90210', 3.5, 3.5, 'DHL')
2026-06-18 22:16:05,437 INFO sqlalchemy.engine.Engine INSERT INTO agent_events (id, agent_name, event_type, entity_id, summary, details_json, risk_score) VALUES (?, ?, ?, ?, ?, ?, ?) RETURNING created_at
2026-06-18 22:16:05,438 INFO sqlalchemy.engine.Engine [cached since 0.02089s ago] ('a78e6ec770a94b46a25eff8682dda2da', 'MonitorAgent', 'delay_detected', '1436a427-28e3-4fb8-bbda-0e62df04bcec', 'MonitorAgent - delay_detected', '{"is_delayed": true, "reason": "Past estimated delivery by 33.2 hours", "risk_score": 1.0, "checked_at": "2026-06-18T17:16:05.427648+00:00"}', 1.0)
2026-06-18 22:16:05,444 INFO sqlalchemy.engine.Engine SELECT avg(shipments.shipping_cost) AS avg_cost, min(shipments.shipping_cost) AS min_cost, max(shipments.shipping_cost) AS max_cost, sum(shipments.shipping_cost) AS total_cost, count(shipments.id) AS total_shipments 
FROM shipments
2026-06-18 22:16:05,445 INFO sqlalchemy.engine.Engine [generated in 0.00086s] ()
2026-06-18 22:16:05,449 INFO sqlalchemy.engine.Engine SELECT shipments.carrier_name, avg(shipments.shipping_cost) AS avg_carrier_cost, count(shipments.id) AS carrier_count 
FROM shipments GROUP BY shipments.carrier_name ORDER BY avg(shipments.shipping_cost) DESC
2026-06-18 22:16:05,450 INFO sqlalchemy.engine.Engine [generated in 0.00058s] ()
2026-06-18 22:16:05,460 INFO sqlalchemy.engine.Engine COMMIT
2026-06-18 22:23:13,441 INFO sqlalchemy.engine.Engine BEGIN (implicit)
2026-06-18 22:23:13,442 INFO sqlalchemy.engine.Engine SELECT shipments.id, shipments.order_id, shipments.carrier_name, shipments.tracking_number, shipments.status, shipments.estimated_delivery, shipments.actual_delivery, shipments.origin_zip, shipments.destination_zip, shipments.weight_kg, shipments.shipping_cost, shipments.carrier_status_detail, shipments.is_delayed, shipments.delay_reason, shipments.last_polled_at, shipments.created_at, shipments.updated_at 
FROM shipments 
WHERE (shipments.status NOT IN (?, ?)) ORDER BY shipments.updated_at ASC
 LIMIT ? OFFSET ?
2026-06-18 22:23:13,443 INFO sqlalchemy.engine.Engine [cached since 428.1s ago] ('delivered', 'returned', 200, 0)
2026-06-18 22:23:13,447 INFO sqlalchemy.engine.Engine BEGIN (implicit)
2026-06-18 22:23:13,453 INFO sqlalchemy.engine.Engine SELECT orders.id, orders.external_order_id, orders.customer_email, orders.customer_phone, orders.shipping_address, orders.shipping_zip, orders.shipping_city, orders.shipping_state, orders.shipping_country, orders.items_json, orders.total_weight_kg, orders.status, orders.fulfillment_center_id, orders.carrier_id, orders.tracking_number, orders.estimated_delivery, orders.shipping_cost, orders.notes, orders.created_at, orders.updated_at 
FROM orders ORDER BY orders.created_at DESC
 LIMIT ? OFFSET ?
2026-06-18 22:23:13,453 INFO sqlalchemy.engine.Engine [generated in 0.00115s] (100, 0)
2026-06-18 22:23:13,454 INFO sqlalchemy.engine.Engine BEGIN (implicit)
2026-06-18 22:23:13,456 INFO sqlalchemy.engine.Engine SELECT shipments.id, shipments.order_id, shipments.carrier_name, shipments.tracking_number, shipments.status, shipments.estimated_delivery, shipments.actual_delivery, shipments.origin_zip, shipments.destination_zip, shipments.weight_kg, shipments.shipping_cost, shipments.carrier_status_detail, shipments.is_delayed, shipments.delay_reason, shipments.last_polled_at, shipments.created_at, shipments.updated_at 
FROM shipments 
WHERE (shipments.status NOT IN (?, ?)) ORDER BY shipments.updated_at ASC
 LIMIT ? OFFSET ?
2026-06-18 22:23:13,456 INFO sqlalchemy.engine.Engine [cached since 428.1s ago] ('delivered', 'returned', 200, 0)
2026-06-18 22:23:13,466 INFO sqlalchemy.engine.Engine UPDATE shipments SET delay_reason=?, last_polled_at=?, updated_at=CURRENT_TIMESTAMP WHERE shipments.id = ?
2026-06-18 22:23:13,467 INFO sqlalchemy.engine.Engine [cached since 428.1s ago] ('Past estimated delivery by 15.3 hours', '2026-06-18 17:23:13.465737', 'd7ac5317fce245709adc54957363aec9')
2026-06-18 22:23:13,482 INFO sqlalchemy.engine.Engine SELECT count(*) AS count_1 
FROM orders
2026-06-18 22:23:13,483 INFO sqlalchemy.engine.Engine [generated in 0.00230s] ()
2026-06-18 22:23:13,489 INFO sqlalchemy.engine.Engine UPDATE shipments SET delay_reason=?, last_polled_at=?, updated_at=CURRENT_TIMESTAMP WHERE shipments.id = ?
2026-06-18 22:23:13,490 INFO sqlalchemy.engine.Engine [cached since 428.1s ago] ('Past estimated delivery by 15.3 hours', '2026-06-18 17:23:13.486751', 'd7ac5317fce245709adc54957363aec9')
2026-06-18 22:23:13,494 INFO sqlalchemy.engine.Engine SELECT carrier_rates.id, carrier_rates.carrier_name, carrier_rates.service_name, carrier_rates.origin_zip, carrier_rates.destination_zip, carrier_rates.weight_kg_min, carrier_rates.weight_kg_max, carrier_rates.base_rate, carrier_rates.rate_per_kg, carrier_rates.estimated_days_min, carrier_rates.estimated_days_max, carrier_rates.is_active, carrier_rates.created_at, carrier_rates.updated_at 
FROM carrier_rates 
WHERE carrier_rates.is_active = 1 AND carrier_rates.origin_zip = ? AND carrier_rates.destination_zip = ? AND carrier_rates.weight_kg_min <= ? AND carrier_rates.weight_kg_max >= ? AND carrier_rates.carrier_name != ? ORDER BY carrier_rates.base_rate ASC
2026-06-18 22:23:13,497 INFO sqlalchemy.engine.Engine [cached since 428.1s ago] ('10001', '90210', 2.5, 2.5, 'FedEx')
2026-06-18 22:23:13,501 INFO sqlalchemy.engine.Engine COMMIT
2026-06-18 22:23:13,511 INFO sqlalchemy.engine.Engine INSERT INTO agent_events (id, agent_name, event_type, entity_id, summary, details_json, risk_score) VALUES (?, ?, ?, ?, ?, ?, ?) RETURNING created_at
2026-06-18 22:23:13,513 INFO sqlalchemy.engine.Engine [cached since 428.1s ago] ('ae0a94db269546a398040805bc44dcc1', 'MonitorAgent', 'delay_detected', 'd7ac5317-fce2-4570-9adc-54957363aec9', 'MonitorAgent - delay_detected', '{"is_delayed": true, "reason": "Past estimated delivery by 15.3 hours", "risk_score": 0.6390010138888889, "checked_at": "2026-06-18T17:23:13.465737+00:00"}', 0.6390010138888889)
2026-06-18 22:23:13,516 INFO sqlalchemy.engine.Engine UPDATE shipments SET delay_reason=?, last_polled_at=?, updated_at=CURRENT_TIMESTAMP WHERE shipments.id = ?
2026-06-18 22:23:13,516 INFO sqlalchemy.engine.Engine [cached since 428.1s ago] ('Past estimated delivery by 11.3 hours', '2026-06-18 17:23:13.509734', '38a29fbe32514cdf81458a9e9163569f')
2026-06-18 22:23:13,520 INFO sqlalchemy.engine.Engine SELECT carrier_rates.id, carrier_rates.carrier_name, carrier_rates.service_name, carrier_rates.origin_zip, carrier_rates.destination_zip, carrier_rates.weight_kg_min, carrier_rates.weight_kg_max, carrier_rates.base_rate, carrier_rates.rate_per_kg, carrier_rates.estimated_days_min, carrier_rates.estimated_days_max, carrier_rates.is_active, carrier_rates.created_at, carrier_rates.updated_at 
FROM carrier_rates 
WHERE carrier_rates.is_active = 1 AND carrier_rates.origin_zip = ? AND carrier_rates.destination_zip = ? AND carrier_rates.weight_kg_min <= ? AND carrier_rates.weight_kg_max >= ? AND carrier_rates.carrier_name != ? ORDER BY carrier_rates.base_rate ASC
2026-06-18 22:23:13,521 INFO sqlalchemy.engine.Engine [cached since 428.1s ago] ('10001', '90210', 3.0, 3.0, 'UPS')
2026-06-18 22:23:13,529 INFO sqlalchemy.engine.Engine INSERT INTO agent_events (id, agent_name, event_type, entity_id, summary, details_json, risk_score) VALUES (?, ?, ?, ?, ?, ?, ?) RETURNING created_at
2026-06-18 22:23:13,530 INFO sqlalchemy.engine.Engine [cached since 428.1s ago] ('d83dbf4922a64a93bcbf18b4fb051407', 'MonitorAgent', 'delay_detected', '38a29fbe-3251-4cdf-8145-8a9e9163569f', 'MonitorAgent - delay_detected', '{"is_delayed": true, "reason": "Past estimated delivery by 11.3 hours", "risk_score": 0.47233485644675927, "checked_at": "2026-06-18T17:23:13.509734+00:00"}', 0.47233485644675927)
2026-06-18 22:23:13,534 INFO sqlalchemy.engine.Engine UPDATE shipments SET delay_reason=?, last_polled_at=?, updated_at=CURRENT_TIMESTAMP WHERE shipments.id = ?
2026-06-18 22:23:13,534 INFO sqlalchemy.engine.Engine [cached since 428.1s ago] ('Past estimated delivery by 33.3 hours', '2026-06-18 17:23:13.527732', '1436a42728e34fb8bbda0e62df04bcec')
2026-06-18 22:23:13,537 INFO sqlalchemy.engine.Engine SELECT carrier_rates.id, carrier_rates.carrier_name, carrier_rates.service_name, carrier_rates.origin_zip, carrier_rates.destination_zip, carrier_rates.weight_kg_min, carrier_rates.weight_kg_max, carrier_rates.base_rate, carrier_rates.rate_per_kg, carrier_rates.estimated_days_min, carrier_rates.estimated_days_max, carrier_rates.is_active, carrier_rates.created_at, carrier_rates.updated_at 
FROM carrier_rates 
WHERE carrier_rates.is_active = 1 AND carrier_rates.origin_zip = ? AND carrier_rates.destination_zip = ? AND carrier_rates.weight_kg_min <= ? AND carrier_rates.weight_kg_max >= ? AND carrier_rates.carrier_name != ? ORDER BY carrier_rates.base_rate ASC
2026-06-18 22:23:13,538 INFO sqlalchemy.engine.Engine [cached since 428.1s ago] ('10001', '90210', 3.5, 3.5, 'DHL')
2026-06-18 22:23:13,544 INFO sqlalchemy.engine.Engine INSERT INTO agent_events (id, agent_name, event_type, entity_id, summary, details_json, risk_score) VALUES (?, ?, ?, ?, ?, ?, ?) RETURNING created_at
2026-06-18 22:23:13,545 INFO sqlalchemy.engine.Engine [cached since 428.1s ago] ('84148f624385443ea88a631c318e25ab', 'MonitorAgent', 'delay_detected', '1436a427-28e3-4fb8-bbda-0e62df04bcec', 'MonitorAgent - delay_detected', '{"is_delayed": true, "reason": "Past estimated delivery by 33.3 hours", "risk_score": 1.0, "checked_at": "2026-06-18T17:23:13.527732+00:00"}', 1.0)
2026-06-18 22:23:13,550 INFO sqlalchemy.engine.Engine SELECT avg(shipments.shipping_cost) AS avg_cost, min(shipments.shipping_cost) AS min_cost, max(shipments.shipping_cost) AS max_cost, sum(shipments.shipping_cost) AS total_cost, count(shipments.id) AS total_shipments 
FROM shipments
2026-06-18 22:23:13,551 INFO sqlalchemy.engine.Engine [cached since 428.1s ago] ()
2026-06-18 22:23:13,555 INFO sqlalchemy.engine.Engine SELECT shipments.carrier_name, avg(shipments.shipping_cost) AS avg_carrier_cost, count(shipments.id) AS carrier_count 
FROM shipments GROUP BY shipments.carrier_name ORDER BY avg(shipments.shipping_cost) DESC
2026-06-18 22:23:13,556 INFO sqlalchemy.engine.Engine [cached since 428.1s ago] ()
2026-06-18 22:23:13,560 INFO sqlalchemy.engine.Engine COMMIT
2026-06-18 22:23:13,576 INFO sqlalchemy.engine.Engine SELECT carrier_rates.id, carrier_rates.carrier_name, carrier_rates.service_name, carrier_rates.origin_zip, carrier_rates.destination_zip, carrier_rates.weight_kg_min, carrier_rates.weight_kg_max, carrier_rates.base_rate, carrier_rates.rate_per_kg, carrier_rates.estimated_days_min, carrier_rates.estimated_days_max, carrier_rates.is_active, carrier_rates.created_at, carrier_rates.updated_at 
FROM carrier_rates 
WHERE carrier_rates.is_active = 1 AND carrier_rates.origin_zip = ? AND carrier_rates.destination_zip = ? AND carrier_rates.weight_kg_min <= ? AND carrier_rates.weight_kg_max >= ? AND carrier_rates.carrier_name != ? ORDER BY carrier_rates.base_rate ASC
2026-06-18 22:23:13,578 INFO sqlalchemy.engine.Engine [cached since 428.2s ago] ('10001', '90210', 2.5, 2.5, 'FedEx')
2026-06-18 22:23:13,587 INFO sqlalchemy.engine.Engine INSERT INTO agent_events (id, agent_name, event_type, entity_id, summary, details_json, risk_score) VALUES (?, ?, ?, ?, ?, ?, ?) RETURNING created_at
2026-06-18 22:23:13,587 INFO sqlalchemy.engine.Engine [cached since 428.2s ago] ('10f88bed89cf4a79a9ccddeabdc14e19', 'MonitorAgent', 'delay_detected', 'd7ac5317-fce2-4570-9adc-54957363aec9', 'MonitorAgent - delay_detected', '{"is_delayed": true, "reason": "Past estimated delivery by 15.3 hours", "risk_score": 0.6390012571064815, "checked_at": "2026-06-18T17:23:13.486751+00:00"}', 0.6390012571064815)
2026-06-18 22:23:13,606 INFO sqlalchemy.engine.Engine UPDATE shipments SET delay_reason=?, last_polled_at=?, updated_at=CURRENT_TIMESTAMP WHERE shipments.id = ?
2026-06-18 22:23:13,607 INFO sqlalchemy.engine.Engine [cached since 428.2s ago] ('Past estimated delivery by 11.3 hours', '2026-06-18 17:23:13.585732', '38a29fbe32514cdf81458a9e9163569f')
2026-06-18 22:23:13,611 INFO sqlalchemy.engine.Engine SELECT carrier_rates.id, carrier_rates.carrier_name, carrier_rates.service_name, carrier_rates.origin_zip, carrier_rates.destination_zip, carrier_rates.weight_kg_min, carrier_rates.weight_kg_max, carrier_rates.base_rate, carrier_rates.rate_per_kg, carrier_rates.estimated_days_min, carrier_rates.estimated_days_max, carrier_rates.is_active, carrier_rates.created_at, carrier_rates.updated_at 
FROM carrier_rates 
WHERE carrier_rates.is_active = 1 AND carrier_rates.origin_zip = ? AND carrier_rates.destination_zip = ? AND carrier_rates.weight_kg_min <= ? AND carrier_rates.weight_kg_max >= ? AND carrier_rates.carrier_name != ? ORDER BY carrier_rates.base_rate ASC
2026-06-18 22:23:13,611 INFO sqlalchemy.engine.Engine [cached since 428.2s ago] ('10001', '90210', 3.0, 3.0, 'UPS')
2026-06-18 22:23:13,620 INFO sqlalchemy.engine.Engine INSERT INTO agent_events (id, agent_name, event_type, entity_id, summary, details_json, risk_score) VALUES (?, ?, ?, ?, ?, ?, ?) RETURNING created_at
2026-06-18 22:23:13,621 INFO sqlalchemy.engine.Engine [cached since 428.2s ago] ('e8ea155d89174e3788dece86c4adb8cc', 'MonitorAgent', 'delay_detected', '38a29fbe-3251-4cdf-8145-8a9e9163569f', 'MonitorAgent - delay_detected', '{"is_delayed": true, "reason": "Past estimated delivery by 11.3 hours", "risk_score": 0.47233573605324075, "checked_at": "2026-06-18T17:23:13.585732+00:00"}', 0.47233573605324075)
2026-06-18 22:23:13,623 INFO sqlalchemy.engine.Engine UPDATE shipments SET delay_reason=?, last_polled_at=?, updated_at=CURRENT_TIMESTAMP WHERE shipments.id = ?
2026-06-18 22:23:13,633 INFO sqlalchemy.engine.Engine [cached since 428.2s ago] ('Past estimated delivery by 33.3 hours', '2026-06-18 17:23:13.618737', '1436a42728e34fb8bbda0e62df04bcec')
2026-06-18 22:23:13,636 INFO sqlalchemy.engine.Engine SELECT carrier_rates.id, carrier_rates.carrier_name, carrier_rates.service_name, carrier_rates.origin_zip, carrier_rates.destination_zip, carrier_rates.weight_kg_min, carrier_rates.weight_kg_max, carrier_rates.base_rate, carrier_rates.rate_per_kg, carrier_rates.estimated_days_min, carrier_rates.estimated_days_max, carrier_rates.is_active, carrier_rates.created_at, carrier_rates.updated_at 
FROM carrier_rates 
WHERE carrier_rates.is_active = 1 AND carrier_rates.origin_zip = ? AND carrier_rates.destination_zip = ? AND carrier_rates.weight_kg_min <= ? AND carrier_rates.weight_kg_max >= ? AND carrier_rates.carrier_name != ? ORDER BY carrier_rates.base_rate ASC
2026-06-18 22:23:13,636 INFO sqlalchemy.engine.Engine [cached since 428.2s ago] ('10001', '90210', 3.5, 3.5, 'DHL')
2026-06-18 22:23:13,641 INFO sqlalchemy.engine.Engine INSERT INTO agent_events (id, agent_name, event_type, entity_id, summary, details_json, risk_score) VALUES (?, ?, ?, ?, ?, ?, ?) RETURNING created_at
2026-06-18 22:23:13,642 INFO sqlalchemy.engine.Engine [cached since 428.2s ago] ('843c16f9729640d68d780c147ddd2e56', 'MonitorAgent', 'delay_detected', '1436a427-28e3-4fb8-bbda-0e62df04bcec', 'MonitorAgent - delay_detected', '{"is_delayed": true, "reason": "Past estimated delivery by 33.3 hours", "risk_score": 1.0, "checked_at": "2026-06-18T17:23:13.618737+00:00"}', 1.0)
2026-06-18 22:23:13,645 INFO sqlalchemy.engine.Engine SELECT avg(shipments.shipping_cost) AS avg_cost, min(shipments.shipping_cost) AS min_cost, max(shipments.shipping_cost) AS max_cost, sum(shipments.shipping_cost) AS total_cost, count(shipments.id) AS total_shipments 
FROM shipments
2026-06-18 22:23:13,646 INFO sqlalchemy.engine.Engine [cached since 428.2s ago] ()
2026-06-18 22:23:13,649 INFO sqlalchemy.engine.Engine SELECT shipments.carrier_name, avg(shipments.shipping_cost) AS avg_carrier_cost, count(shipments.id) AS carrier_count 
FROM shipments GROUP BY shipments.carrier_name ORDER BY avg(shipments.shipping_cost) DESC
2026-06-18 22:23:13,649 INFO sqlalchemy.engine.Engine [cached since 428.2s ago] ()
2026-06-18 22:23:13,652 INFO sqlalchemy.engine.Engine COMMIT
