▲ Next.js 16.2.7 (Turbopack)
- Local:         http://localhost:3000
- Network:       http://192.168.0.36:3000
- Environments: .env.local
✓ Ready in 1327ms

 GET /dashboard 200 in 2.6s (next.js: 1303ms, application-code: 1278ms)
 POST /api/ai/insight 200 in 213ms (next.js: 166ms, application-code: 48ms)
 GET /dashboard/workflows 200 in 325ms (next.js: 128ms, application-code: 196ms)
 GET /dashboard/monitoring 200 in 468ms (next.js: 214ms, application-code: 253ms)
 GET /dashboard/monitoring 200 in 977ms (next.js: 53ms, application-code: 924ms)
 GET /dashboard/monitoring 200 in 667ms (next.js: 152ms, application-code: 514ms)
 GET /dashboard/team 200 in 238ms (next.js: 115ms, application-code: 123ms)
 GET /dashboard/agents 200 in 292ms (next.js: 119ms, application-code: 173ms)
 GET /dashboard/agents 200 in 226ms (next.js: 44ms, application-code: 182ms)
 POST /api/ai/chat 500 in 864ms (next.js: 126ms, application-code: 738ms)
 GET /dashboard/agents 200 in 39ms (next.js: 9ms, application-code: 30ms)
 GET /dashboard/agents 200 in 167ms (next.js: 13ms, application-code: 154ms)
 POST /api/ai/chat 500 in 40ms (next.js: 6ms, application-code: 34ms)
 GET /dashboard/agents 200 in 1127ms (next.js: 26ms, application-code: 1101ms)
 GET /dashboard/agents 200 in 41ms (next.js: 8ms, application-code: 33ms)
 GET /dashboard/agents 200 in 169ms (next.js: 23ms, application-code: 146ms)
 POST /api/ai/chat 500 in 81ms (next.js: 9ms, application-code: 72ms)
 GET / 200 in 1328ms (next.js: 209ms, application-code: 1119ms)
 POST /api/ai/chat 500 in 43ms (next.js: 10ms, application-code: 33ms)
 GET /dashboard/agents 200 in 719ms (next.js: 202ms, application-code: 517ms)
 GET /dashboard/agents 200 in 256ms (next.js: 11ms, application-code: 245ms)
 GET /dashboard/agents 200 in 129ms (next.js: 8ms, application-code: 121ms)
